[debug] [2020-02-12T23:38:05.702Z] ----------------------------------------------------------------------
[debug] [2020-02-12T23:38:05.704Z] Command:       C:\Program Files\nodejs\node.exe C:\Users\Kusha\AppData\Roaming\npm\node_modules\firebase-tools\lib\bin\firebase.js serve
[debug] [2020-02-12T23:38:05.704Z] CLI Version:   7.12.1
[debug] [2020-02-12T23:38:05.704Z] Platform:      win32
[debug] [2020-02-12T23:38:05.704Z] Node Version:  v12.14.1
[debug] [2020-02-12T23:38:05.705Z] Time:          Wed Feb 12 2020 15:38:05 GMT-0800 (Pacific Standard Time)
[debug] [2020-02-12T23:38:05.705Z] ----------------------------------------------------------------------
[debug] [2020-02-12T23:38:05.705Z] 
[debug] [2020-02-12T23:38:05.712Z] > command requires scopes: ["email","openid","https://www.googleapis.com/auth/cloudplatformprojects.readonly","https://www.googleapis.com/auth/firebase","https://www.googleapis.com/auth/cloud-platform"]
[debug] [2020-02-12T23:38:05.713Z] > authorizing via signed-in user
[debug] [2020-02-12T23:38:05.713Z] [iam] checking project bambi-tracker for permissions ["firebase.projects.get"]
[debug] [2020-02-12T23:38:05.715Z] >>> HTTP REQUEST POST https://cloudresourcemanager.googleapis.com/v1/projects/bambi-tracker:testIamPermissions  

[debug] [2020-02-12T23:38:05.907Z] <<< HTTP RESPONSE 200
[debug] [2020-02-12T23:38:05.913Z] >>> HTTP REQUEST GET https://firebase.googleapis.com/v1beta1/projects/bambi-tracker  
 
[debug] [2020-02-12T23:38:06.423Z] <<< HTTP RESPONSE 200
[info] 
[info] === Serving from 'C:\Users\Kusha\OneDrive\Desktop\Comp Sci IA'...
[info] 
[debug] [2020-02-12T23:38:06.431Z] >>> HTTP REQUEST GET https://firebase.googleapis.com/v1beta1/projects/bambi-tracker/webApps/-/config  
 
[debug] [2020-02-12T23:38:07.044Z] <<< HTTP RESPONSE 200
[info] i  hosting: Serving hosting files from: public
[info] +  hosting: Local server: http://localhost:5000
